<?xml version="1.0" encoding="UTF-8"?>
<testsuite xmlns:xsi="http://www.w3.org/2001/XMLSchema-instance" xsi:noNamespaceSchemaLocation="https://maven.apache.org/surefire/maven-surefire-plugin/xsd/surefire-test-report-3.0.xsd" version="3.0" name="dev.victormoraes.adapters.in.TicketControllerTest" time="9.251" tests="2" errors="0" skipped="0" failures="0">
  <properties>
[...]
</properties>
  <testcase name="givenThereIsNoSpotAvailableShouldReturn422StatusCode" classname="dev.victormoraes.adapters.in.TicketControllerTest" time="0.405">
    <system-out><![CDATA[12:25:46.552 [main] INFO org.springframework.test.context.support.AnnotationConfigContextLoaderUtils -- Could not detect default configuration classes for test class [dev.victormoraes.adapters.in.TicketControllerTest]: TicketControllerTest does not declare any static, non-private, non-final, nested classes annotated with @Configuration.
12:25:46.812 [main] INFO org.springframework.boot.test.context.SpringBootTestContextBootstrapper -- Found @SpringBootConfiguration dev.victormoraes.ParkingLotApp for test class dev.victormoraes.adapters.in.TicketControllerTest

  .   ____          _            __ _ _
 /\\ / ___'_ __ _ _(_)_ __  __ _ \ \ \ \
( ( )\___ | '_ | '_| | '_ \/ _` | \ \ \ \
 \\/  ___)| |_)| | | | | || (_| |  ) ) ) )
  '  |____| .__|_| |_|_| |_\__, | / / / /
 =========|_|==============|___/=/_/_/_/
 :: Spring Boot ::                (v3.2.2)

2024-02-29T12:25:47.750-03:00  INFO 597214 --- [parking-lot-app] [           main] d.v.adapters.in.TicketControllerTest     : Starting TicketControllerTest using Java 21.0.2 with PID 597214 (started by victoralmeida in /home/victoralmeida/continuous-learning/repos-v2/parking-lot-app/app)
2024-02-29T12:25:47.752-03:00  INFO 597214 --- [parking-lot-app] [           main] d.v.adapters.in.TicketControllerTest     : No active profile set, falling back to 1 default profile: "default"
2024-02-29T12:25:49.067-03:00  INFO 597214 --- [parking-lot-app] [           main] .s.d.r.c.RepositoryConfigurationDelegate : Bootstrapping Spring Data JPA repositories in DEFAULT mode.
2024-02-29T12:25:49.196-03:00  INFO 597214 --- [parking-lot-app] [           main] .s.d.r.c.RepositoryConfigurationDelegate : Finished Spring Data repository scanning in 110 ms. Found 4 JPA repository interfaces.
2024-02-29T12:25:50.034-03:00  INFO 597214 --- [parking-lot-app] [           main] o.hibernate.jpa.internal.util.LogHelper  : HHH000204: Processing PersistenceUnitInfo [name: default]
2024-02-29T12:25:50.153-03:00  INFO 597214 --- [parking-lot-app] [           main] org.hibernate.Version                    : HHH000412: Hibernate ORM core version 6.4.1.Final
2024-02-29T12:25:50.222-03:00  INFO 597214 --- [parking-lot-app] [           main] o.h.c.internal.RegionFactoryInitiator    : HHH000026: Second-level cache disabled
2024-02-29T12:25:50.447-03:00  INFO 597214 --- [parking-lot-app] [           main] o.s.o.j.p.SpringPersistenceUnitInfo      : No LoadTimeWeaver setup: ignoring JPA class transformer
2024-02-29T12:25:50.503-03:00  INFO 597214 --- [parking-lot-app] [           main] com.zaxxer.hikari.HikariDataSource       : HikariPool-1 - Starting...
2024-02-29T12:25:51.264-03:00  INFO 597214 --- [parking-lot-app] [           main] com.zaxxer.hikari.pool.HikariPool        : HikariPool-1 - Added connection conn0: url=jdbc:h2:~/data/parking-lot-db user=SA
2024-02-29T12:25:51.268-03:00  INFO 597214 --- [parking-lot-app] [           main] com.zaxxer.hikari.HikariDataSource       : HikariPool-1 - Start completed.
2024-02-29T12:25:51.331-03:00  WARN 597214 --- [parking-lot-app] [           main] org.hibernate.orm.deprecation            : HHH90000025: H2Dialect does not need to be specified explicitly using 'hibernate.dialect' (remove the property setting and it will be selected by default)
2024-02-29T12:25:52.402-03:00  INFO 597214 --- [parking-lot-app] [           main] o.h.m.i.EntityInstantiatorPojoStandard   : HHH000182: No default (no-argument) constructor for class: dev.victormoraes.adapters.out.persistence.entities.UserEntity$OperatorEntity (class must be instantiated by Interceptor)
2024-02-29T12:25:52.476-03:00  INFO 597214 --- [parking-lot-app] [           main] o.h.m.i.EntityInstantiatorPojoStandard   : HHH000182: No default (no-argument) constructor for class: dev.victormoraes.adapters.out.persistence.entities.UserEntity$AdminEntity (class must be instantiated by Interceptor)
2024-02-29T12:25:52.540-03:00  INFO 597214 --- [parking-lot-app] [           main] o.h.m.i.EntityInstantiatorPojoStandard   : HHH000182: No default (no-argument) constructor for class: dev.victormoraes.adapters.out.persistence.entities.UserEntity$CustomerEntity (class must be instantiated by Interceptor)
2024-02-29T12:25:52.894-03:00  INFO 597214 --- [parking-lot-app] [           main] o.h.e.t.j.p.i.JtaPlatformInitiator       : HHH000489: No JTA platform available (set 'hibernate.transaction.jta.platform' to enable JTA platform integration)
2024-02-29T12:25:52.968-03:00  INFO 597214 --- [parking-lot-app] [           main] j.LocalContainerEntityManagerFactoryBean : Initialized JPA EntityManagerFactory for persistence unit 'default'
2024-02-29T12:25:53.335-03:00  INFO 597214 --- [parking-lot-app] [           main] o.s.d.j.r.query.QueryEnhancerFactory     : Hibernate is in classpath; If applicable, HQL parser will be used.
2024-02-29T12:25:54.335-03:00  WARN 597214 --- [parking-lot-app] [           main] JpaBaseConfiguration$JpaWebConfiguration : spring.jpa.open-in-view is enabled by default. Therefore, database queries may be performed during view rendering. Explicitly configure spring.jpa.open-in-view to disable this warning
2024-02-29T12:25:54.784-03:00  INFO 597214 --- [parking-lot-app] [           main] o.s.b.a.h2.H2ConsoleAutoConfiguration    : H2 console available at '/h2-console'. Database available at 'jdbc:h2:~/data/parking-lot-db'
2024-02-29T12:25:54.861-03:00  INFO 597214 --- [parking-lot-app] [           main] o.s.b.t.m.w.SpringBootMockServletContext : Initializing Spring TestDispatcherServlet ''
2024-02-29T12:25:54.861-03:00  INFO 597214 --- [parking-lot-app] [           main] o.s.t.web.servlet.TestDispatcherServlet  : Initializing Servlet ''
2024-02-29T12:25:54.863-03:00  INFO 597214 --- [parking-lot-app] [           main] o.s.t.web.servlet.TestDispatcherServlet  : Completed initialization in 1 ms
2024-02-29T12:25:54.893-03:00  INFO 597214 --- [parking-lot-app] [           main] d.v.adapters.in.TicketControllerTest     : Started TicketControllerTest in 7.795 seconds (process running for 11.59)
2024-02-29T12:25:55.231-03:00 DEBUG 597214 --- [parking-lot-app] [           main] org.hibernate.SQL                        : 
    select
        distinct se1_0.spot_id,
        se1_0.is_free,
        se1_0.position,
        se1_0.vehicle_type 
    from
        spots se1_0 
    where
        se1_0.vehicle_type=? 
        and se1_0.is_free=true
]]></system-out>
  </testcase>
  <testcase name="testCreateTicketEndpoint" classname="dev.victormoraes.adapters.in.TicketControllerTest" time="0.164">
    <system-out><![CDATA[2024-02-29T12:25:55.330-03:00 DEBUG 597214 --- [parking-lot-app] [           main] org.hibernate.SQL                        : 
    select
        distinct se1_0.spot_id,
        se1_0.is_free,
        se1_0.position,
        se1_0.vehicle_type 
    from
        spots se1_0 
    where
        se1_0.vehicle_type=? 
        and se1_0.is_free=true
2024-02-29T12:25:55.358-03:00 DEBUG 597214 --- [parking-lot-app] [           main] org.hibernate.SQL                        : 
    select
        ve1_0.vehicle_id,
        ve1_0.dtype,
        ve1_0.code,
        ve1_0.color,
        ve1_0.model 
    from
        vehicles ve1_0 
    where
        ve1_0.code=?
2024-02-29T12:25:55.387-03:00 DEBUG 597214 --- [parking-lot-app] [           main] org.hibernate.SQL                        : 
    select
        ae1_0.user_id,
        ae1_0.first_name,
        ae1_0.last_name,
        ae1_0.username 
    from
        users ae1_0 
    where
        ae1_0.dtype='ANONYMOUS' 
        and ae1_0.user_id=?
2024-02-29T12:25:55.405-03:00 DEBUG 597214 --- [parking-lot-app] [           main] org.hibernate.SQL                        : 
    select
        next value for users_seq
2024-02-29T12:25:55.437-03:00 DEBUG 597214 --- [parking-lot-app] [           main] org.hibernate.SQL                        : 
    insert 
    into
        users
        (first_name, last_name, username, dtype, user_id) 
    values
        (?, ?, ?, 'ANONYMOUS', ?)
2024-02-29T12:25:55.443-03:00 DEBUG 597214 --- [parking-lot-app] [           main] org.hibernate.SQL                        : 
    select
        ve1_0.vehicle_id,
        ve1_0.dtype,
        ve1_0.code,
        ve1_0.color,
        ve1_0.model 
    from
        vehicles ve1_0 
    where
        ve1_0.code=?
2024-02-29T12:25:55.445-03:00 DEBUG 597214 --- [parking-lot-app] [           main] org.hibernate.SQL                        : 
    select
        ue1_0.user_id,
        ue1_0.dtype,
        ue1_0.first_name,
        ue1_0.last_name,
        ue1_0.username 
    from
        users ue1_0 
    where
        ue1_0.username=?
2024-02-29T12:25:55.450-03:00 DEBUG 597214 --- [parking-lot-app] [           main] org.hibernate.SQL                        : 
    select
        te1_0.ticket_id,
        te1_0.end_time,
        te1_0.start_time,
        u1_0.user_id,
        u1_0.dtype,
        u1_0.first_name,
        u1_0.last_name,
        u1_0.username,
        v1_0.vehicle_id,
        v1_0.dtype,
        v1_0.code,
        v1_0.color,
        v1_0.model 
    from
        tickets te1_0 
    left join
        users u1_0 
            on u1_0.user_id=te1_0.user_id 
    left join
        vehicles v1_0 
            on v1_0.vehicle_id=te1_0.vehicle_id 
    where
        te1_0.ticket_id=?
2024-02-29T12:25:55.456-03:00 DEBUG 597214 --- [parking-lot-app] [           main] org.hibernate.SQL                        : 
    insert 
    into
        tickets
        (end_time, start_time, user_id, vehicle_id, ticket_id) 
    values
        (?, ?, ?, ?, ?)
]]></system-out>
  </testcase>
</testsuite>